app/build/intermediates/manifest_merge_blame_file/release/manifest-merger-blame-release-report.txt
1<?xml version="1.0" encoding="utf-8"?>
2<manifest xmlns:android="http://schemas.android.com/apk/res/android"
3    package="com.uml.capstone"
4    android:versionCode="1"
5    android:versionName="1.0" >
6
7    <uses-sdk
8        android:minSdkVersion="16"
8-->src\main\AndroidManifest.xml
9        android:targetSdkVersion="29" />
9-->src\main\AndroidManifest.xml
10
11    <uses-permission
11-->src\main\AndroidManifest.xml:5:5-7:38
12        android:name="android.permission.ACCESS_FINE_LOCATION"
12-->src\main\AndroidManifest.xml:6:9-63
13        android:maxSdkVersion="18" />
13-->src\main\AndroidManifest.xml:7:9-35
14
15    <!-- Include required permissions for Google Maps API to run. -->
16    <uses-permission android:name="android.permission.ACCESS_NETWORK_STATE" />
16-->[com.google.android.gms:play-services-maps:17.0.0] AndroidManifest.xml:23:5-79
16-->[com.google.android.gms:play-services-maps:17.0.0] AndroidManifest.xml:23:22-76
17    <uses-permission android:name="android.permission.INTERNET" />
17-->[com.google.android.gms:play-services-maps:17.0.0] AndroidManifest.xml:24:5-67
17-->[com.google.android.gms:play-services-maps:17.0.0] AndroidManifest.xml:24:22-64
18
19    <uses-feature
19-->[com.google.android.gms:play-services-maps:17.0.0] AndroidManifest.xml:26:5-28:35
20        android:glEsVersion="0x00020000"
20-->[com.google.android.gms:play-services-maps:17.0.0] AndroidManifest.xml:27:9-41
21        android:required="true" />
21-->[com.google.android.gms:play-services-maps:17.0.0] AndroidManifest.xml:28:9-32
22
23    <application
23-->src\main\AndroidManifest.xml:9:5-37:19
24        android:allowBackup="true"
24-->src\main\AndroidManifest.xml:10:9-35
25        android:appComponentFactory="androidx.core.app.CoreComponentFactory"
25-->[androidx.core:core:1.1.0] AndroidManifest.xml:24:18-86
26        android:icon="@mipmap/ic_launcher"
26-->src\main\AndroidManifest.xml:11:9-43
27        android:label="@string/app_name"
27-->src\main\AndroidManifest.xml:12:9-41
28        android:roundIcon="@mipmap/ic_launcher_round"
28-->src\main\AndroidManifest.xml:13:9-54
29        android:supportsRtl="true"
29-->src\main\AndroidManifest.xml:14:9-35
30        android:theme="@style/AppTheme" >
30-->src\main\AndroidManifest.xml:15:9-40
31        <activity
31-->src\main\AndroidManifest.xml:16:9-25:20
32            android:name="com.uml.capstone.MainActivity"
32-->src\main\AndroidManifest.xml:17:13-57
33            android:label="@string/app_name"
33-->src\main\AndroidManifest.xml:18:13-45
34            android:theme="@style/AppTheme.NoActionBar" >
34-->src\main\AndroidManifest.xml:19:13-56
35            <intent-filter>
35-->src\main\AndroidManifest.xml:20:13-24:29
36                <action android:name="android.intent.action.MAIN" />
36-->src\main\AndroidManifest.xml:21:17-69
36-->src\main\AndroidManifest.xml:21:25-66
37
38                <category android:name="android.intent.category.LAUNCHER" />
38-->src\main\AndroidManifest.xml:23:17-77
38-->src\main\AndroidManifest.xml:23:27-74
39            </intent-filter>
40        </activity>
41
42        <meta-data
42-->src\main\AndroidManifest.xml:28:9-30:57
43            android:name="preloaded_fonts"
43-->src\main\AndroidManifest.xml:29:13-43
44            android:resource="@array/preloaded_fonts" />
44-->src\main\AndroidManifest.xml:30:13-54
45        <meta-data
45-->src\main\AndroidManifest.xml:31:9-33:69
46            android:name="com.google.android.gms.version"
46-->src\main\AndroidManifest.xml:32:13-58
47            android:value="@integer/google_play_services_version" />
47-->src\main\AndroidManifest.xml:33:13-66
48        <meta-data
48-->src\main\AndroidManifest.xml:34:9-36:70
49            android:name="com.google.android.geo.API_KEY"
49-->src\main\AndroidManifest.xml:35:13-58
50            android:value="AIzaSyAaixlX5E9BhbFXha_UOJi4IxnrLEDRKAk" />
50-->src\main\AndroidManifest.xml:36:13-68
51        <!-- Needs to be explicitly declared on P+ -->
52        <uses-library
52-->[com.google.android.gms:play-services-maps:17.0.0] AndroidManifest.xml:33:9-35:40
53            android:name="org.apache.http.legacy"
53-->[com.google.android.gms:play-services-maps:17.0.0] AndroidManifest.xml:34:13-50
54            android:required="false" />
54-->[com.google.android.gms:play-services-maps:17.0.0] AndroidManifest.xml:35:13-37
55
56        <activity
56-->[com.google.android.gms:play-services-base:17.0.0] AndroidManifest.xml:23:9-26:75
57            android:name="com.google.android.gms.common.api.GoogleApiActivity"
57-->[com.google.android.gms:play-services-base:17.0.0] AndroidManifest.xml:24:13-79
58            android:exported="false"
58-->[com.google.android.gms:play-services-base:17.0.0] AndroidManifest.xml:25:13-37
59            android:theme="@android:style/Theme.Translucent.NoTitleBar" />
59-->[com.google.android.gms:play-services-base:17.0.0] AndroidManifest.xml:26:13-72
60
61        <provider
61-->[androidx.lifecycle:lifecycle-process:2.1.0] AndroidManifest.xml:23:9-27:43
62            android:name="androidx.lifecycle.ProcessLifecycleOwnerInitializer"
62-->[androidx.lifecycle:lifecycle-process:2.1.0] AndroidManifest.xml:24:13-79
63            android:authorities="com.uml.capstone.lifecycle-process"
63-->[androidx.lifecycle:lifecycle-process:2.1.0] AndroidManifest.xml:25:13-69
64            android:exported="false"
64-->[androidx.lifecycle:lifecycle-process:2.1.0] AndroidManifest.xml:26:13-37
65            android:multiprocess="true" />
65-->[androidx.lifecycle:lifecycle-process:2.1.0] AndroidManifest.xml:27:13-40
66    </application>
67
68</manifest>